<?xml version="1.0" encoding="UTF-8"?>
<!-- Generated by org.testng.reporters.JUnitReportReporter -->
<testsuite hostname="Honey" name="com.universal.methods.randomclass" tests="1" failures="0" timestamp="13 May 2017 11:42:36 GMT" time="0.046" errors="0">
  <testcase name="annotation1" time="0.046" classname="com.universal.methods.randomclass"/>
</testsuite> <!-- com.universal.methods.randomclass -->
