<?xml version="1.0" encoding="UTF-8"?>
<!-- Generated by org.testng.reporters.JUnitReportReporter -->
<testsuite hostname="Honey" name="com.Flipkart.testcases.Testcase_001" tests="1" failures="0" timestamp="26 Jul 2017 16:41:10 GMT" time="24.962" errors="0">
  <testcase name="gotohomepage" time="24.962" classname="com.Flipkart.testcases.Testcase_001"/>
</testsuite> <!-- com.Flipkart.testcases.Testcase_001 -->
